02:13:18 **** Incremental Build of configuration Debug for project Final_HMI_ECU ****
make all 
Building file: ../HMI.c
Invoking: AVR Compiler
avr-gcc -Wall -g2 -gstabs -O0 -fpack-struct -fshort-enums -ffunction-sections -fdata-sections -std=gnu99 -funsigned-char -funsigned-bitfields -mmcu=atmega32 -DF_CPU=8000000UL -MMD -MP -MF"HMI.d" -MT"HMI.o" -c -o "HMI.o" "../HMI.c"
In file included from ../HMI.c:13:
c:/winavr-20100110/lib/gcc/../../avr/include/util/delay.h:90:3: warning: #warning "Compiler optimizations disabled; functions from <util/delay.h> won't work as designed"
../HMI.c: In function 'main':
../HMI.c:154: warning: large integer implicitly truncated to unsigned type
Finished building: ../HMI.c
 
Building target: Final_HMI_ECU.elf
Invoking: AVR C Linker
avr-gcc -Wl,-Map,Final_HMI_ECU.map -mmcu=atmega32 -o "Final_HMI_ECU.elf"  ./HMI.o ./KEYPAD.o ./LCD.o ./TIMER1.o ./UART.o ./gpio.o   
Finished building target: Final_HMI_ECU.elf
 
Invoking: AVR Create Extended Listing
avr-objdump -h -S Final_HMI_ECU.elf  >"Final_HMI_ECU.lss"
Finished building: Final_HMI_ECU.lss
 
Invoking: Print Size
avr-size --format=avr --mcu=atmega32 Final_HMI_ECU.elf
AVR Memory Usage
----------------
Device: atmega32

Program:   12628 bytes (38.5% Full)
(.text + .data + .bootloader)

Data:        229 bytes (11.2% Full)
(.data + .bss + .noinit)


Finished building: sizedummy
 

02:13:18 Build Finished. 0 errors, 2 warnings. (took 602ms)

